ERROR - 2023-10-03 08:47:33 --> Error connecting to the database: mysqli_sql_exception: No connection could be made because the target machine actively refused it in C:\xampp\htdocs\sc_shortcourses\vendor\codeigniter4\framework\system\Database\MySQLi\Connection.php:174
Stack trace:
#0 C:\xampp\htdocs\sc_shortcourses\vendor\codeigniter4\framework\system\Database\MySQLi\Connection.php(174): mysqli->real_connect('localhost', 'root', '', 'sc_short_course...', 3306, '', 0)
#1 C:\xampp\htdocs\sc_shortcourses\vendor\codeigniter4\framework\system\Database\BaseConnection.php(391): CodeIgniter\Database\MySQLi\Connection->connect(false)
#2 C:\xampp\htdocs\sc_shortcourses\vendor\codeigniter4\framework\system\Database\BaseConnection.php(573): CodeIgniter\Database\BaseConnection->initialize()
#3 C:\xampp\htdocs\sc_shortcourses\vendor\codeigniter4\framework\system\Database\BaseBuilder.php(1686): CodeIgniter\Database\BaseConnection->query('SELECT COUNT(*)...', Array, false)
#4 C:\xampp\htdocs\sc_shortcourses\vendor\codeigniter4\framework\system\Model.php(605): CodeIgniter\Database\BaseBuilder->countAllResults(false)
#5 C:\xampp\htdocs\sc_shortcourses\vendor\codeigniter4\framework\system\BaseModel.php(1188): CodeIgniter\Model->countAllResults(false)
#6 C:\xampp\htdocs\sc_shortcourses\app\Controllers\Home.php(27): CodeIgniter\BaseModel->paginate(20)
#7 C:\xampp\htdocs\sc_shortcourses\vendor\codeigniter4\framework\system\CodeIgniter.php(934): App\Controllers\Home->Index()
#8 C:\xampp\htdocs\sc_shortcourses\vendor\codeigniter4\framework\system\CodeIgniter.php(499): CodeIgniter\CodeIgniter->runController(Object(App\Controllers\Home))
#9 C:\xampp\htdocs\sc_shortcourses\vendor\codeigniter4\framework\system\CodeIgniter.php(368): CodeIgniter\CodeIgniter->handleRequest(NULL, Object(Config\Cache), false)
#10 C:\xampp\htdocs\sc_shortcourses\index.php(67): CodeIgniter\CodeIgniter->run()
#11 {main}

Next CodeIgniter\Database\Exceptions\DatabaseException: No connection could be made because the target machine actively refused it in C:\xampp\htdocs\sc_shortcourses\vendor\codeigniter4\framework\system\Database\MySQLi\Connection.php:218
Stack trace:
#0 C:\xampp\htdocs\sc_shortcourses\vendor\codeigniter4\framework\system\Database\BaseConnection.php(391): CodeIgniter\Database\MySQLi\Connection->connect(false)
#1 C:\xampp\htdocs\sc_shortcourses\vendor\codeigniter4\framework\system\Database\BaseConnection.php(573): CodeIgniter\Database\BaseConnection->initialize()
#2 C:\xampp\htdocs\sc_shortcourses\vendor\codeigniter4\framework\system\Database\BaseBuilder.php(1686): CodeIgniter\Database\BaseConnection->query('SELECT COUNT(*)...', Array, false)
#3 C:\xampp\htdocs\sc_shortcourses\vendor\codeigniter4\framework\system\Model.php(605): CodeIgniter\Database\BaseBuilder->countAllResults(false)
#4 C:\xampp\htdocs\sc_shortcourses\vendor\codeigniter4\framework\system\BaseModel.php(1188): CodeIgniter\Model->countAllResults(false)
#5 C:\xampp\htdocs\sc_shortcourses\app\Controllers\Home.php(27): CodeIgniter\BaseModel->paginate(20)
#6 C:\xampp\htdocs\sc_shortcourses\vendor\codeigniter4\framework\system\CodeIgniter.php(934): App\Controllers\Home->Index()
#7 C:\xampp\htdocs\sc_shortcourses\vendor\codeigniter4\framework\system\CodeIgniter.php(499): CodeIgniter\CodeIgniter->runController(Object(App\Controllers\Home))
#8 C:\xampp\htdocs\sc_shortcourses\vendor\codeigniter4\framework\system\CodeIgniter.php(368): CodeIgniter\CodeIgniter->handleRequest(NULL, Object(Config\Cache), false)
#9 C:\xampp\htdocs\sc_shortcourses\index.php(67): CodeIgniter\CodeIgniter->run()
#10 {main}
CRITICAL - 2023-10-03 08:47:33 --> Unable to connect to the database.
Main connection [MySQLi]: No connection could be made because the target machine actively refused it
in SYSTEMPATH\Database\BaseConnection.php on line 427.
 1 SYSTEMPATH\Database\BaseConnection.php(573): CodeIgniter\Database\BaseConnection->initialize()
 2 SYSTEMPATH\Database\BaseBuilder.php(1686): CodeIgniter\Database\BaseConnection->query('SELECT COUNT(*) AS `numrows`
FROM `courses`
RIGHT JOIN `course_batch` ON `course_batch`.`course_id` = `courses`.`course_id`
LEFT JOIN `course_categories` ON `courses`.`course_category_id` = `course_categories`.`course_category_id`
LEFT JOIN `branch` ON `courses`.`branch_id` = `branch`.`branch_id`
WHERE `courses`.`display` = :courses.display:
AND `course_batch`.`is_active` = :course_batch.is_active:', [...], false)
 3 SYSTEMPATH\Model.php(605): CodeIgniter\Database\BaseBuilder->countAllResults(false)
 4 SYSTEMPATH\BaseModel.php(1188): CodeIgniter\Model->countAllResults(false)
 5 APPPATH\Controllers\Home.php(27): CodeIgniter\BaseModel->paginate(20)
 6 SYSTEMPATH\CodeIgniter.php(934): App\Controllers\Home->Index()
 7 SYSTEMPATH\CodeIgniter.php(499): CodeIgniter\CodeIgniter->runController(Object(App\Controllers\Home))
 8 SYSTEMPATH\CodeIgniter.php(368): CodeIgniter\CodeIgniter->handleRequest(null, Object(Config\Cache), false)
 9 FCPATH\index.php(67): CodeIgniter\CodeIgniter->run()
