CRITICAL - 2024-02-28 06:09:03 --> Undefined array key "mobile"
in APPPATH\Controllers\Account.php on line 31.
 1 APPPATH\Controllers\Account.php(31): CodeIgniter\Debug\Exceptions->errorHandler(2, 'Undefined array key "mobile"', 'APPPATH\\Controllers\\Account.php', 31)
 2 SYSTEMPATH\CodeIgniter.php(934): App\Controllers\Account->Info()
 3 SYSTEMPATH\CodeIgniter.php(499): CodeIgniter\CodeIgniter->runController(Object(App\Controllers\Account))
 4 SYSTEMPATH\CodeIgniter.php(368): CodeIgniter\CodeIgniter->handleRequest(null, Object(Config\Cache), false)
 5 FCPATH\index.php(67): CodeIgniter\CodeIgniter->run()
CRITICAL - 2024-02-28 06:09:32 --> Undefined array key "mobile"
in APPPATH\Controllers\Account.php on line 31.
 1 APPPATH\Controllers\Account.php(31): CodeIgniter\Debug\Exceptions->errorHandler(2, 'Undefined array key "mobile"', 'APPPATH\\Controllers\\Account.php', 31)
 2 SYSTEMPATH\CodeIgniter.php(934): App\Controllers\Account->Info()
 3 SYSTEMPATH\CodeIgniter.php(499): CodeIgniter\CodeIgniter->runController(Object(App\Controllers\Account))
 4 SYSTEMPATH\CodeIgniter.php(368): CodeIgniter\CodeIgniter->handleRequest(null, Object(Config\Cache), false)
 5 FCPATH\index.php(67): CodeIgniter\CodeIgniter->run()
CRITICAL - 2024-02-28 06:10:08 --> Undefined array key "mobile"
in APPPATH\Controllers\Account.php on line 31.
 1 APPPATH\Controllers\Account.php(31): CodeIgniter\Debug\Exceptions->errorHandler(2, 'Undefined array key "mobile"', 'APPPATH\\Controllers\\Account.php', 31)
 2 SYSTEMPATH\CodeIgniter.php(934): App\Controllers\Account->Info()
 3 SYSTEMPATH\CodeIgniter.php(499): CodeIgniter\CodeIgniter->runController(Object(App\Controllers\Account))
 4 SYSTEMPATH\CodeIgniter.php(368): CodeIgniter\CodeIgniter->handleRequest(null, Object(Config\Cache), false)
 5 FCPATH\index.php(67): CodeIgniter\CodeIgniter->run()
CRITICAL - 2024-02-28 06:10:16 --> Undefined array key "mobile"
in APPPATH\Controllers\Account.php on line 31.
 1 APPPATH\Controllers\Account.php(31): CodeIgniter\Debug\Exceptions->errorHandler(2, 'Undefined array key "mobile"', 'APPPATH\\Controllers\\Account.php', 31)
 2 SYSTEMPATH\CodeIgniter.php(934): App\Controllers\Account->Info()
 3 SYSTEMPATH\CodeIgniter.php(499): CodeIgniter\CodeIgniter->runController(Object(App\Controllers\Account))
 4 SYSTEMPATH\CodeIgniter.php(368): CodeIgniter\CodeIgniter->handleRequest(null, Object(Config\Cache), false)
 5 FCPATH\index.php(67): CodeIgniter\CodeIgniter->run()
